<?xml version="1.0" encoding="UTF-8"?>
<!-- Generated by org.testng.reporters.JUnitXMLReporter -->
<testsuite ignored="0" hostname="HP-OMEN" failures="0" tests="1" name="Test" time="0.255" errors="0" timestamp="2025-08-20T21:46:09 IST">
  <testcase classname="testcase.baseclass" name="@BeforeClass setup" time="-1.755706569123E9">
    <failure type="org.testng.TestNGException" message="
Parameter &amp;apos;browser&amp;apos; is required by BeforeClass on method setup but has not been marked @Optional or defined
in C:\Eclipse\Ec2\TestNg_Framework\extendreport.xml">
      <![CDATA[org.testng.TestNGException: 
Parameter 'browser' is required by BeforeClass on method setup but has not been marked @Optional or defined
in C:\Eclipse\Ec2\TestNg_Framework\extendreport.xml
at java.base/java.util.ArrayList.forEach(ArrayList.java:1597)
... Removed 22 stack frames]]>
    </failure>
  </testcase> <!-- @BeforeClass setup -->
  <testcase classname="testcase.baseclass" name="@AfterClass exit" time="0.0">
    <skipped/>
  </testcase> <!-- @AfterClass exit -->
  <testcase classname="testcase.TC01_Login" name="test" time="0.002">
    <skipped/>
  </testcase> <!-- test -->
</testsuite> <!-- Test -->
