<?xml version="1.0" encoding="UTF-8"?>
<testng-results ignored="0" total="1" passed="1" failed="0" skipped="0">
  <reporter-output>
  </reporter-output>
  <suite started-at="2025-09-12T21:46:46 IST" name="Suite" finished-at="2025-09-12T21:47:13 IST" duration-ms="26784">
    <groups>
    </groups>
    <test started-at="2025-09-12T21:46:46 IST" name="Test" finished-at="2025-09-12T21:47:13 IST" duration-ms="26784">
      <class name="testcase.TC01_Login">
        <test-method is-config="true" signature="setup(java.lang.String)[pri:0, instance:testcase.TC01_Login@460ebd80]" started-at="2025-09-12T21:46:46 IST" name="setup" finished-at="2025-09-12T21:47:07 IST" duration-ms="20394" status="PASS">
          <params>
            <param index="0">
              <value>
                <![CDATA[chrome]]>
              </value>
            </param>
          </params>
          <reporter-output>
          </reporter-output>
        </test-method> <!-- setup -->
        <test-method signature="test()[pri:0, instance:testcase.TC01_Login@460ebd80]" started-at="2025-09-12T21:47:07 IST" name="test" finished-at="2025-09-12T21:47:13 IST" duration-ms="5911" status="PASS">
          <reporter-output>
          </reporter-output>
        </test-method> <!-- test -->
        <test-method is-config="true" signature="exit()[pri:0, instance:testcase.TC01_Login@460ebd80]" started-at="2025-09-12T21:47:13 IST" name="exit" finished-at="2025-09-12T21:47:13 IST" duration-ms="216" status="PASS">
          <reporter-output>
          </reporter-output>
        </test-method> <!-- exit -->
      </class> <!-- testcase.TC01_Login -->
    </test> <!-- Test -->
  </suite> <!-- Suite -->
</testng-results>
